Using pre-set license
Built from '2020.3/staging' branch; Version is '2020.3.0f1 (c7b5465681fb) revision 13088070'; Using compiler version '192528614'; Build Type 'Release'
OS: 'Windows 10 Home; OS build 18363.1379; Version 1909; 64bit' Language: 'fr' Physical Memory: 8048 MB
BatchMode: 1, IsHumanControllingUs: 0, StartBugReporterOnCrash: 0, Is64bit: 1, IsPro: 0

 COMMAND LINE ARGUMENTS:
C:\Program Files\Unity\Hub\Editor\2020.3.0f1\Editor\Unity.exe
-adb2
-batchMode
-noUpm
-name
AssetImportWorker7
-projectPath
C:/Users/Barbarossa/Documents/Jam16/ThereWasAPlan/There Was A Plan
-logFile
Logs/AssetImportWorker7.log
-srvPort
61187
Successfully changed project path to: C:/Users/Barbarossa/Documents/Jam16/ThereWasAPlan/There Was A Plan
C:/Users/Barbarossa/Documents/Jam16/ThereWasAPlan/There Was A Plan
Using Asset Import Pipeline V2.
Refreshing native plugins compatible for Editor in 35.11 ms, found 0 plugins.
Preloading 0 native plugins for Editor in 0.00 ms.
Initialize engine version: 2020.3.0f1 (c7b5465681fb)
[Subsystems] Discovering subsystems at path C:/Program Files/Unity/Hub/Editor/2020.3.0f1/Editor/Data/Resources/UnitySubsystems
[Subsystems] Discovering subsystems at path C:/Users/Barbarossa/Documents/Jam16/ThereWasAPlan/There Was A Plan/Assets
GfxDevice: creating device client; threaded=0
Direct3D:
    Version:  Direct3D 11.0 [level 11.1]
    Renderer: NVIDIA GeForce GTX 1050 (ID=0x1c8d)
    Vendor:   
    VRAM:     1979 MB
    Driver:   25.21.14.2546
Initialize mono
Mono path[0] = 'C:/Program Files/Unity/Hub/Editor/2020.3.0f1/Editor/Data/Managed'
Mono path[1] = 'C:/Program Files/Unity/Hub/Editor/2020.3.0f1/Editor/Data/MonoBleedingEdge/lib/mono/unityjit'
Mono config path = 'C:/Program Files/Unity/Hub/Editor/2020.3.0f1/Editor/Data/MonoBleedingEdge/etc'
Using monoOptions --debugger-agent=transport=dt_socket,embedding=1,server=y,suspend=n,address=127.0.0.1:56124
Begin MonoManager ReloadAssembly
Registering precompiled unity dll's ...
Register platform support module: C:/Program Files/Unity/Hub/Editor/2020.3.0f1/Editor/Data/PlaybackEngines/WindowsStandaloneSupport/UnityEditor.WindowsStandalone.Extensions.dll
Registered in 0.002662 seconds.
Native extension for WindowsStandalone target not found
Refreshing native plugins compatible for Editor in 26.32 ms, found 0 plugins.
Preloading 0 native plugins for Editor in 0.00 ms.
Invoked RoslynAnalysisRunner static constructor.
RoslynAnalysisRunner will not be running.
RoslynAnalysisRunner has terminated.
Mono: successfully reloaded assembly
- Completed reload, in  1.313 seconds
Platform modules already initialized, skipping
Registering precompiled user dll's ...
Registered in 0.000923 seconds.
Begin MonoManager ReloadAssembly
Native extension for WindowsStandalone target not found
Refreshing native plugins compatible for Editor in 0.19 ms, found 0 plugins.
Preloading 0 native plugins for Editor in 0.00 ms.
Invoked RoslynAnalysisRunner static constructor.
RoslynAnalysisRunner will not be running.
RoslynAnalysisRunner has terminated.
Mono: successfully reloaded assembly
- Completed reload, in  0.904 seconds
Platform modules already initialized, skipping
========================================================================
Worker process is ready to serve import requests
Launched and connected shader compiler UnityShaderCompiler.exe after 5.04 seconds
Refreshing native plugins compatible for Editor in 0.20 ms, found 0 plugins.
Preloading 0 native plugins for Editor in 0.00 ms.
Unloading 1113 Unused Serialized files (Serialized files now loaded: 0)
System memory in use before: 56.8 MB.
System memory in use after: 56.9 MB.

Unloading 10 unused Assets to reduce memory usage. Loaded Objects now: 1555.
Total: 2.427000 ms (FindLiveObjects: 0.241600 ms CreateObjectMapping: 0.054700 ms MarkObjects: 2.010900 ms  DeleteObjects: 0.118600 ms)

========================================================================
Received Import Request.
  path: Assets/Audio
  artifactKey: Guid(a60304116373f5e428619271a577b971) Importer(815301076,1909f56bfc062723c751e8b465ee728b)
Start importing Assets/Audio using Guid(a60304116373f5e428619271a577b971) Importer(815301076,1909f56bfc062723c751e8b465ee728b)  -> (artifact id: '03b17a6ac2719033e648fd62a467c30d') in 12.338683 seconds
  Import took 13.699197 seconds .

========================================================================
Received Import Request.
  Time since last request: 110.350090 seconds.
  path: Assets/Scenes
  artifactKey: Guid(666b8da8274c3774bae6d0f490e70f81) Importer(815301076,1909f56bfc062723c751e8b465ee728b)
Start importing Assets/Scenes using Guid(666b8da8274c3774bae6d0f490e70f81) Importer(815301076,1909f56bfc062723c751e8b465ee728b)  -> (artifact id: 'd0521e20e57719713a2dc1021ae674b1') in 0.015213 seconds
  Import took 3.175567 seconds .

========================================================================
Received Import Request.
  Time since last request: 67.040036 seconds.
  path: Assets/Scenes/TestLeo.unity
  artifactKey: Guid(43758e337c05bae44a8b67e24584f556) Importer(815301076,1909f56bfc062723c751e8b465ee728b)
Start importing Assets/Scenes/TestLeo.unity using Guid(43758e337c05bae44a8b67e24584f556) Importer(815301076,1909f56bfc062723c751e8b465ee728b)  -> (artifact id: 'ea4b614c483a624a416658ac4082e165') in 16.271738 seconds
  Import took 16.420882 seconds .

========================================================================
Received Import Request.
  Time since last request: 30.081238 seconds.
  path: Assets/Scenes/TestClement.unity
  artifactKey: Guid(7194c0f04445ae54aad16018a3ea32ab) Importer(815301076,1909f56bfc062723c751e8b465ee728b)
Start importing Assets/Scenes/TestClement.unity using Guid(7194c0f04445ae54aad16018a3ea32ab) Importer(815301076,1909f56bfc062723c751e8b465ee728b)  -> (artifact id: '38fbde31bff4930ce558f9d2b25c0f87') in 0.014394 seconds
  Import took 0.950568 seconds .

