<<<<<<< HEAD
Using pre-set license
Built from '2020.3/staging' branch; Version is '2020.3.0f1 (c7b5465681fb) revision 13088070'; Using compiler version '192528614'; Build Type 'Release'
OS: 'Windows 10 Home; OS build 19042.804; Version 2009; 64bit' Language: 'fr' Physical Memory: 16256 MB
BatchMode: 1, IsHumanControllingUs: 0, StartBugReporterOnCrash: 0, Is64bit: 1, IsPro: 0

 COMMAND LINE ARGUMENTS:
C:\Program Files\Unity\Hub\Editor\2020.3.0f1\Editor\Unity.exe
-adb2
-batchMode
-noUpm
-name
AssetImportWorker0
-projectPath
D:/GameJam/GDP 16/ThereWasAPlan/ThereWasAPlan/There Was A Plan
-logFile
Logs/AssetImportWorker0.log
-srvPort
50579
Successfully changed project path to: D:/GameJam/GDP 16/ThereWasAPlan/ThereWasAPlan/There Was A Plan
D:/GameJam/GDP 16/ThereWasAPlan/ThereWasAPlan/There Was A Plan
Using Asset Import Pipeline V2.
Refreshing native plugins compatible for Editor in 28.85 ms, found 0 plugins.
Preloading 0 native plugins for Editor in 0.00 ms.
Initialize engine version: 2020.3.0f1 (c7b5465681fb)
[Subsystems] Discovering subsystems at path C:/Program Files/Unity/Hub/Editor/2020.3.0f1/Editor/Data/Resources/UnitySubsystems
[Subsystems] Discovering subsystems at path D:/GameJam/GDP 16/ThereWasAPlan/ThereWasAPlan/There Was A Plan/Assets
GfxDevice: creating device client; threaded=0
Direct3D:
    Version:  Direct3D 11.0 [level 11.0]
    Renderer: NVIDIA GeForce GTX 960M (ID=0x139b)
    Vendor:   
    VRAM:     4055 MB
    Driver:   23.21.13.9125
Initialize mono
Mono path[0] = 'C:/Program Files/Unity/Hub/Editor/2020.3.0f1/Editor/Data/Managed'
Mono path[1] = 'C:/Program Files/Unity/Hub/Editor/2020.3.0f1/Editor/Data/MonoBleedingEdge/lib/mono/unityjit'
Mono config path = 'C:/Program Files/Unity/Hub/Editor/2020.3.0f1/Editor/Data/MonoBleedingEdge/etc'
Using monoOptions --debugger-agent=transport=dt_socket,embedding=1,server=y,suspend=n,address=127.0.0.1:56208
Begin MonoManager ReloadAssembly
Registering precompiled unity dll's ...
Register platform support module: C:/Program Files/Unity/Hub/Editor/2020.3.0f1/Editor/Data/PlaybackEngines/WindowsStandaloneSupport/UnityEditor.WindowsStandalone.Extensions.dll
Registered in 0.002826 seconds.
Native extension for WindowsStandalone target not found
Refreshing native plugins compatible for Editor in 26.81 ms, found 0 plugins.
Preloading 0 native plugins for Editor in 0.00 ms.
Unable to find bridge dll in registry for Microsoft Visual Studio Tools for Unity for C:\Program Files (x86)\Microsoft Visual Studio 14.0\Common7\IDE\\devenv.exe
Invoked RoslynAnalysisRunner static constructor.
RoslynAnalysisRunner will not be running.
RoslynAnalysisRunner has terminated.
Mono: successfully reloaded assembly
- Completed reload, in  1.542 seconds
Platform modules already initialized, skipping
Registering precompiled user dll's ...
Registered in 0.000677 seconds.
Begin MonoManager ReloadAssembly
Native extension for WindowsStandalone target not found
Refreshing native plugins compatible for Editor in 0.24 ms, found 0 plugins.
Preloading 0 native plugins for Editor in 0.00 ms.
Invoked RoslynAnalysisRunner static constructor.
RoslynAnalysisRunner will not be running.
RoslynAnalysisRunner has terminated.
Mono: successfully reloaded assembly
- Completed reload, in  1.131 seconds
Platform modules already initialized, skipping
========================================================================
Worker process is ready to serve import requests
Launched and connected shader compiler UnityShaderCompiler.exe after 0.06 seconds
Refreshing native plugins compatible for Editor in 0.22 ms, found 0 plugins.
Preloading 0 native plugins for Editor in 0.00 ms.
Unloading 1113 Unused Serialized files (Serialized files now loaded: 0)
System memory in use before: 57.0 MB.
System memory in use after: 57.1 MB.

Unloading 10 unused Assets to reduce memory usage. Loaded Objects now: 1555.
Total: 2.628200 ms (FindLiveObjects: 0.247200 ms CreateObjectMapping: 0.067200 ms MarkObjects: 2.221400 ms  DeleteObjects: 0.091300 ms)

========================================================================
Received Import Request.
  path: Assets
  artifactKey: Guid(00000000000000001000000000000000) Importer(815301076,1909f56bfc062723c751e8b465ee728b)
Start importing Assets using Guid(00000000000000001000000000000000) Importer(815301076,1909f56bfc062723c751e8b465ee728b)  -> (artifact id: '42baae205c97e3337697759514652acd') in 0.004019 seconds
  Import took 0.006629 seconds .

========================================================================
Received Import Request.
  Time since last request: 4.723192 seconds.
  path: Assets/3D
  artifactKey: Guid(232a556e6ee0a95438792a373e451a81) Importer(815301076,1909f56bfc062723c751e8b465ee728b)
Start importing Assets/3D using Guid(232a556e6ee0a95438792a373e451a81) Importer(815301076,1909f56bfc062723c751e8b465ee728b)  -> (artifact id: '817b2392762a2d2e1dda7f6c8e289985') in 0.004454 seconds
  Import took 0.007600 seconds .

========================================================================
Received Import Request.
  Time since last request: 8.455661 seconds.
  path: Assets/3D/Assets
  artifactKey: Guid(7fe2b82e34e7ed04592433d13f1e8780) Importer(815301076,1909f56bfc062723c751e8b465ee728b)
Start importing Assets/3D/Assets using Guid(7fe2b82e34e7ed04592433d13f1e8780) Importer(815301076,1909f56bfc062723c751e8b465ee728b)  -> (artifact id: 'c88413654432f6f259bb9c82886a243f') in 0.002025 seconds
  Import took 0.004740 seconds .

========================================================================
Received Import Request.
  Time since last request: 10.447245 seconds.
  path: Assets/3D/MAT
  artifactKey: Guid(eec47bcb51e93394a8f1d85a75993858) Importer(815301076,1909f56bfc062723c751e8b465ee728b)
Start importing Assets/3D/MAT using Guid(eec47bcb51e93394a8f1d85a75993858) Importer(815301076,1909f56bfc062723c751e8b465ee728b)  -> (artifact id: '77c5e0b414a60bce0047284b8f584e1c') in 0.003754 seconds
  Import took 0.006836 seconds .

========================================================================
Received Import Request.
  Time since last request: 7.906787 seconds.
  path: Assets/3D/Textures
  artifactKey: Guid(689cb428094c62a40ad2fdd61caae438) Importer(815301076,1909f56bfc062723c751e8b465ee728b)
Start importing Assets/3D/Textures using Guid(689cb428094c62a40ad2fdd61caae438) Importer(815301076,1909f56bfc062723c751e8b465ee728b)  -> (artifact id: '9afb0cc091532958aa4a559c2aa34f7e') in 0.003926 seconds
  Import took 0.008783 seconds .

========================================================================
Received Import Request.
  Time since last request: 6.247040 seconds.
  path: Assets/3D/Models
  artifactKey: Guid(7fe2b82e34e7ed04592433d13f1e8780) Importer(815301076,1909f56bfc062723c751e8b465ee728b)
Start importing Assets/3D/Models using Guid(7fe2b82e34e7ed04592433d13f1e8780) Importer(815301076,1909f56bfc062723c751e8b465ee728b)  -> (artifact id: '7ff211fb8a8ecc2b69a3f247447ea685') in 0.003673 seconds
  Import took 0.007936 seconds .

========================================================================
Received Import Request.
  Time since last request: 7.607678 seconds.
  path: Assets/3D/Prefabs
  artifactKey: Guid(b2419a98096727a47b8da797a33f3161) Importer(815301076,1909f56bfc062723c751e8b465ee728b)
Start importing Assets/3D/Prefabs using Guid(b2419a98096727a47b8da797a33f3161) Importer(815301076,1909f56bfc062723c751e8b465ee728b)  -> (artifact id: 'e6b2e1b3a8f34c3939735be00aacf3e7') in 0.002317 seconds
  Import took 0.005099 seconds .

========================================================================
Received Import Request.
  Time since last request: 4.897761 seconds.
  path: Assets/3D/Scene
  artifactKey: Guid(3f3bb58fd998db8489c59c85d8c7ad72) Importer(815301076,1909f56bfc062723c751e8b465ee728b)
Start importing Assets/3D/Scene using Guid(3f3bb58fd998db8489c59c85d8c7ad72) Importer(815301076,1909f56bfc062723c751e8b465ee728b)  -> (artifact id: '26869e6b2bafb32365c6f60b89e649f6') in 0.002492 seconds
  Import took 0.004957 seconds .

========================================================================
Received Import Request.
  Time since last request: 7.567840 seconds.
  path: Assets/3D/01-Models
  artifactKey: Guid(7fe2b82e34e7ed04592433d13f1e8780) Importer(815301076,1909f56bfc062723c751e8b465ee728b)
Start importing Assets/3D/01-Models using Guid(7fe2b82e34e7ed04592433d13f1e8780) Importer(815301076,1909f56bfc062723c751e8b465ee728b)  -> (artifact id: '6f9d2384a27239ac56480118419b5491') in 0.002616 seconds
  Import took 0.005812 seconds .

========================================================================
Received Import Request.
  Time since last request: 5.615678 seconds.
  path: Assets/3D/02-Textures
  artifactKey: Guid(689cb428094c62a40ad2fdd61caae438) Importer(815301076,1909f56bfc062723c751e8b465ee728b)
Start importing Assets/3D/02-Textures using Guid(689cb428094c62a40ad2fdd61caae438) Importer(815301076,1909f56bfc062723c751e8b465ee728b)  -> (artifact id: 'e681f2c7fee8cf9d4cb58946a83b4352') in 0.003161 seconds
  Import took 0.006414 seconds .

========================================================================
Received Import Request.
  Time since last request: 4.869654 seconds.
  path: Assets/3D/03-MAT
  artifactKey: Guid(eec47bcb51e93394a8f1d85a75993858) Importer(815301076,1909f56bfc062723c751e8b465ee728b)
Start importing Assets/3D/03-MAT using Guid(eec47bcb51e93394a8f1d85a75993858) Importer(815301076,1909f56bfc062723c751e8b465ee728b)  -> (artifact id: 'c2d78806c84dd6b6c1876f55aa0ae5a7') in 0.003127 seconds
  Import took 0.008355 seconds .

========================================================================
Received Import Request.
  Time since last request: 4.099336 seconds.
  path: Assets/3D/04-Prefabs
  artifactKey: Guid(b2419a98096727a47b8da797a33f3161) Importer(815301076,1909f56bfc062723c751e8b465ee728b)
Start importing Assets/3D/04-Prefabs using Guid(b2419a98096727a47b8da797a33f3161) Importer(815301076,1909f56bfc062723c751e8b465ee728b)  -> (artifact id: '901bca9440e02a9e428d3a74439371d3') in 0.003125 seconds
  Import took 0.007660 seconds .

========================================================================
Received Import Request.
  Time since last request: 5.848467 seconds.
  path: Assets/3D/05-Scene
  artifactKey: Guid(3f3bb58fd998db8489c59c85d8c7ad72) Importer(815301076,1909f56bfc062723c751e8b465ee728b)
Start importing Assets/3D/05-Scene using Guid(3f3bb58fd998db8489c59c85d8c7ad72) Importer(815301076,1909f56bfc062723c751e8b465ee728b)  -> (artifact id: '34eec0f33869fb1d0d82febc992e2b0c') in 0.003347 seconds
  Import took 0.007688 seconds .

========================================================================
Received Import Request.
  Time since last request: 62.879840 seconds.
  path: Assets/3D/05-SceneGraph
  artifactKey: Guid(3f3bb58fd998db8489c59c85d8c7ad72) Importer(815301076,1909f56bfc062723c751e8b465ee728b)
Start importing Assets/3D/05-SceneGraph using Guid(3f3bb58fd998db8489c59c85d8c7ad72) Importer(815301076,1909f56bfc062723c751e8b465ee728b)  -> (artifact id: 'b26aea896fb855408e5ba705d2f5e732') in 0.002454 seconds
  Import took 0.005457 seconds .

========================================================================
Received Import Request.
  Time since last request: 14.260865 seconds.
  path: Assets/3D/05-SceneGraph/School__Manon.unity
  artifactKey: Guid(ae6708a704c2e1b44a68134318f9f222) Importer(815301076,1909f56bfc062723c751e8b465ee728b)
Start importing Assets/3D/05-SceneGraph/School__Manon.unity using Guid(ae6708a704c2e1b44a68134318f9f222) Importer(815301076,1909f56bfc062723c751e8b465ee728b)  -> (artifact id: '1cf53396bbbfffdc93a48df2ad449c21') in 0.015610 seconds
  Import took 0.018182 seconds .

========================================================================
Received Import Request.
  Time since last request: 6.034219 seconds.
  path: Assets/3D/05-SceneGraph/School_Manon.unity
  artifactKey: Guid(ae6708a704c2e1b44a68134318f9f222) Importer(815301076,1909f56bfc062723c751e8b465ee728b)
Start importing Assets/3D/05-SceneGraph/School_Manon.unity using Guid(ae6708a704c2e1b44a68134318f9f222) Importer(815301076,1909f56bfc062723c751e8b465ee728b)  -> (artifact id: '3c0efcfbcfc41fd07d69daadefcf087c') in 0.002146 seconds
  Import took 0.004592 seconds .

AssetImportWorkerClient::OnTransportError - code=2 error=End of file
=======
Using pre-set license

 COMMAND LINE ARGUMENTS:
/Applications/Unity/Hub/Editor/2020.3.0f1/Unity.app/Contents/MacOS/Unity
-adb2
-batchMode
-noUpm
-name
AssetImportWorker0
-projectPath
/Users/clement/Documents/Jam16/ThereWasAPlan/There Was A Plan
-logFile
Logs/AssetImportWorker0.log
-srvPort
50105
Successfully changed project path to: /Users/clement/Documents/Jam16/ThereWasAPlan/There Was A Plan
/Users/clement/Documents/Jam16/ThereWasAPlan/There Was A Plan
Using Asset Import Pipeline V2.
Refreshing native plugins compatible for Editor in 32.22 ms, found 1 plugins.
Preloading 0 native plugins for Editor in 0.00 ms.
Initialize engine version: 2020.3.0f1 (c7b5465681fb)
[Subsystems] Discovering subsystems at path /Applications/Unity/Hub/Editor/2020.3.0f1/Unity.app/Contents/Resources/UnitySubsystems
[Subsystems] Discovering subsystems at path /Users/clement/Documents/Jam16/ThereWasAPlan/There Was A Plan/Assets
GfxDevice: creating device client; threaded=0
2021-03-13 00:55:54.441 Unity[3649:65640] iMac preferred device: Intel Iris Pro Graphics (low power)
2021-03-13 00:55:54.441 Unity[3649:65640] Metal devices available: 1
2021-03-13 00:55:54.441 Unity[3649:65640] 0: Intel Iris Pro Graphics (low power)
2021-03-13 00:55:54.443 Unity[3649:65640] Using device Intel Iris Pro Graphics (low power)
Initializing Metal device caps: Intel Iris Pro Graphics
Initialize mono
Mono path[0] = '/Applications/Unity/Hub/Editor/2020.3.0f1/Unity.app/Contents/Managed'
Mono path[1] = '/Applications/Unity/Hub/Editor/2020.3.0f1/Unity.app/Contents/MonoBleedingEdge/lib/mono/unityjit'
Mono config path = '/Applications/Unity/Hub/Editor/2020.3.0f1/Unity.app/Contents/MonoBleedingEdge/etc'
Using monoOptions --debugger-agent=transport=dt_socket,embedding=1,server=y,suspend=n,address=127.0.0.1:56649
Begin MonoManager ReloadAssembly
Registering precompiled unity dll's ...
Register platform support module: /Applications/Unity/Hub/Editor/2020.3.0f1/Unity.app/Contents/PlaybackEngines/MacStandaloneSupport/UnityEditor.OSXStandalone.Extensions.dll
Register platform support module: /Applications/Unity/Hub/Editor/2020.3.0f1/PlaybackEngines/WindowsStandaloneSupport/UnityEditor.WindowsStandalone.Extensions.dll
Registered in 0.003017 seconds.
Native extension for WindowsStandalone target not found
Native extension for OSXStandalone target not found
Refreshing native plugins compatible for Editor in 29.30 ms, found 1 plugins.
Preloading 0 native plugins for Editor in 0.00 ms.
Invoked RoslynAnalysisRunner static constructor.
RoslynAnalysisRunner will not be running.
RoslynAnalysisRunner has terminated.
Mono: successfully reloaded assembly
- Completed reload, in  2.359 seconds
Platform modules already initialized, skipping
Registering precompiled user dll's ...
Registered in 0.001071 seconds.
Begin MonoManager ReloadAssembly
Native extension for WindowsStandalone target not found
Native extension for OSXStandalone target not found
Refreshing native plugins compatible for Editor in 0.26 ms, found 1 plugins.
Preloading 0 native plugins for Editor in 0.00 ms.
Invoked RoslynAnalysisRunner static constructor.
RoslynAnalysisRunner will not be running.
RoslynAnalysisRunner has terminated.
Mono: successfully reloaded assembly
- Completed reload, in  1.267 seconds
Platform modules already initialized, skipping
========================================================================
Worker process is ready to serve import requests
Launching external process: /Applications/Unity/Hub/Editor/2020.3.0f1/Unity.app/Contents/Tools/UnityShaderCompiler
Launched and connected shader compiler UnityShaderCompiler after 0.02 seconds
Refreshing native plugins compatible for Editor in 0.25 ms, found 1 plugins.
Preloading 0 native plugins for Editor in 0.00 ms.
Unloading 1113 Unused Serialized files (Serialized files now loaded: 0)
System memory in use before: 108.2 MB.
System memory in use after: 108.2 MB.

Unloading 10 unused Assets to reduce memory usage. Loaded Objects now: 1555.
Total: 2.451126 ms (FindLiveObjects: 0.183365 ms CreateObjectMapping: 0.075644 ms MarkObjects: 2.099366 ms  DeleteObjects: 0.091508 ms)

========================================================================
Received Import Request.
  path: Assets/Prefab
  artifactKey: Guid(203c3bc065ab42643a84d855862769c5) Importer(815301076,1909f56bfc062723c751e8b465ee728b)
Start importing Assets/Prefab using Guid(203c3bc065ab42643a84d855862769c5) Importer(815301076,1909f56bfc062723c751e8b465ee728b)  -> (artifact id: '176756c4bd3a6dd85b67a0fdf293c636') in 0.004264 seconds
  Import took 0.007609 seconds .

========================================================================
Received Prepare
Registering precompiled user dll's ...
Registered in 0.000519 seconds.
Begin MonoManager ReloadAssembly
Native extension for WindowsStandalone target not found
Native extension for OSXStandalone target not found
Refreshing native plugins compatible for Editor in 0.26 ms, found 1 plugins.
Preloading 0 native plugins for Editor in 0.00 ms.
Invoked RoslynAnalysisRunner static constructor.
RoslynAnalysisRunner will not be running.
RoslynAnalysisRunner has terminated.
Mono: successfully reloaded assembly
- Completed reload, in  1.199 seconds
Platform modules already initialized, skipping
Refreshing native plugins compatible for Editor in 0.25 ms, found 1 plugins.
Preloading 0 native plugins for Editor in 0.00 ms.
Unloading 1109 Unused Serialized files (Serialized files now loaded: 0)
System memory in use before: 108.3 MB.
System memory in use after: 108.3 MB.

Unloading 5 unused Assets to reduce memory usage. Loaded Objects now: 1559.
Total: 2.384494 ms (FindLiveObjects: 0.268299 ms CreateObjectMapping: 0.130590 ms MarkObjects: 1.937927 ms  DeleteObjects: 0.046017 ms)

========================================================================
Received Import Request.
  Time since last request: 68.857538 seconds.
  path: Assets/Scripts
  artifactKey: Guid(69746489455ac40d3b11ad2fabdd97ff) Importer(815301076,1909f56bfc062723c751e8b465ee728b)
Start importing Assets/Scripts using Guid(69746489455ac40d3b11ad2fabdd97ff) Importer(815301076,1909f56bfc062723c751e8b465ee728b)  -> (artifact id: '16dcb005e137ece9ad4cd375b9901d9e') in 0.006375 seconds
  Import took 0.009329 seconds .

========================================================================
Received Import Request.
  Time since last request: 0.000898 seconds.
  path: Assets/Scripts
  artifactKey: Guid(69746489455ac40d3b11ad2fabdd97ff) Importer(815301076,1909f56bfc062723c751e8b465ee728b)
Start importing Assets/Scripts using Guid(69746489455ac40d3b11ad2fabdd97ff) Importer(815301076,1909f56bfc062723c751e8b465ee728b)  -> (artifact id: '16dcb005e137ece9ad4cd375b9901d9e') in 0.002715 seconds
  Import took 0.005028 seconds .

========================================================================
Received Prepare
Registering precompiled user dll's ...
Registered in 0.000441 seconds.
Begin MonoManager ReloadAssembly
Native extension for WindowsStandalone target not found
Native extension for OSXStandalone target not found
Refreshing native plugins compatible for Editor in 0.37 ms, found 1 plugins.
Preloading 0 native plugins for Editor in 0.00 ms.
Invoked RoslynAnalysisRunner static constructor.
RoslynAnalysisRunner will not be running.
RoslynAnalysisRunner has terminated.
Mono: successfully reloaded assembly
- Completed reload, in  1.153 seconds
Platform modules already initialized, skipping
Refreshing native plugins compatible for Editor in 0.25 ms, found 1 plugins.
Preloading 0 native plugins for Editor in 0.00 ms.
Unloading 1109 Unused Serialized files (Serialized files now loaded: 0)
System memory in use before: 108.5 MB.
System memory in use after: 108.5 MB.

Unloading 5 unused Assets to reduce memory usage. Loaded Objects now: 1562.
Total: 2.083248 ms (FindLiveObjects: 0.221365 ms CreateObjectMapping: 0.059772 ms MarkObjects: 1.744071 ms  DeleteObjects: 0.056913 ms)

========================================================================
Received Import Request.
  Time since last request: 6.754880 seconds.
  path: Assets/Scripts/Test.cs
  artifactKey: Guid(9e73b10799de84ca0b8ece99a321b91d) Importer(815301076,1909f56bfc062723c751e8b465ee728b)
Start importing Assets/Scripts/Test.cs using Guid(9e73b10799de84ca0b8ece99a321b91d) Importer(815301076,1909f56bfc062723c751e8b465ee728b)  -> (artifact id: 'a8e4c8aadfffd5321ccfcac67a9789ea') in 0.575657 seconds
  Import took 0.579015 seconds .

========================================================================
Received Prepare
Registering precompiled user dll's ...
Registered in 0.000507 seconds.
Begin MonoManager ReloadAssembly
Native extension for WindowsStandalone target not found
Native extension for OSXStandalone target not found
Refreshing native plugins compatible for Editor in 0.31 ms, found 1 plugins.
Preloading 0 native plugins for Editor in 0.00 ms.
Invoked RoslynAnalysisRunner static constructor.
RoslynAnalysisRunner will not be running.
RoslynAnalysisRunner has terminated.
Mono: successfully reloaded assembly
- Completed reload, in  1.218 seconds
Platform modules already initialized, skipping
Refreshing native plugins compatible for Editor in 0.26 ms, found 1 plugins.
Preloading 0 native plugins for Editor in 0.00 ms.
Unloading 1109 Unused Serialized files (Serialized files now loaded: 0)
System memory in use before: 113.1 MB.
System memory in use after: 113.2 MB.

Unloading 5 unused Assets to reduce memory usage. Loaded Objects now: 1565.
Total: 2.175809 ms (FindLiveObjects: 0.269930 ms CreateObjectMapping: 0.056581 ms MarkObjects: 1.731977 ms  DeleteObjects: 0.116258 ms)

========================================================================
Received Prepare
Registering precompiled user dll's ...
Registered in 0.000485 seconds.
Begin MonoManager ReloadAssembly
Native extension for WindowsStandalone target not found
Native extension for OSXStandalone target not found
Refreshing native plugins compatible for Editor in 0.25 ms, found 1 plugins.
Preloading 0 native plugins for Editor in 0.00 ms.
Invoked RoslynAnalysisRunner static constructor.
RoslynAnalysisRunner will not be running.
RoslynAnalysisRunner has terminated.
Mono: successfully reloaded assembly
- Completed reload, in  1.165 seconds
Platform modules already initialized, skipping
Refreshing native plugins compatible for Editor in 0.31 ms, found 1 plugins.
Preloading 0 native plugins for Editor in 0.00 ms.
Unloading 1108 Unused Serialized files (Serialized files now loaded: 0)
System memory in use before: 113.2 MB.
System memory in use after: 113.3 MB.

Unloading 6 unused Assets to reduce memory usage. Loaded Objects now: 1567.
Total: 2.362286 ms (FindLiveObjects: 0.306501 ms CreateObjectMapping: 0.117776 ms MarkObjects: 1.876205 ms  DeleteObjects: 0.060573 ms)

>>>>>>> Dossier Script
